0 info it worked if it ends with ok
1 verbose cli [ 'node',
1 verbose cli   '/usr/local/bin/npm',
1 verbose cli   'install',
1 verbose cli   'es5-shim',
1 verbose cli   'lodsash',
1 verbose cli   'react',
1 verbose cli   'react-router',
1 verbose cli   'reflux',
1 verbose cli   '--save' ]
2 info using npm@1.4.28
3 info using node@v0.10.35
4 warn package.json room-and-board@0.0.1 No repository field.
5 warn package.json room-and-board@0.0.1 No README data
6 verbose readDependencies using package.json deps
7 verbose cache add [ 'es5-shim', null ]
8 verbose cache add name=undefined spec="es5-shim" args=["es5-shim",null]
9 verbose parsed url { protocol: null,
9 verbose parsed url   slashes: null,
9 verbose parsed url   auth: null,
9 verbose parsed url   host: null,
9 verbose parsed url   port: null,
9 verbose parsed url   hostname: null,
9 verbose parsed url   hash: null,
9 verbose parsed url   search: null,
9 verbose parsed url   query: null,
9 verbose parsed url   pathname: 'es5-shim',
9 verbose parsed url   path: 'es5-shim',
9 verbose parsed url   href: 'es5-shim' }
10 verbose cache add [ 'lodsash', null ]
11 verbose cache add name=undefined spec="lodsash" args=["lodsash",null]
12 verbose parsed url { protocol: null,
12 verbose parsed url   slashes: null,
12 verbose parsed url   auth: null,
12 verbose parsed url   host: null,
12 verbose parsed url   port: null,
12 verbose parsed url   hostname: null,
12 verbose parsed url   hash: null,
12 verbose parsed url   search: null,
12 verbose parsed url   query: null,
12 verbose parsed url   pathname: 'lodsash',
12 verbose parsed url   path: 'lodsash',
12 verbose parsed url   href: 'lodsash' }
13 verbose cache add [ 'react', null ]
14 verbose cache add name=undefined spec="react" args=["react",null]
15 verbose parsed url { protocol: null,
15 verbose parsed url   slashes: null,
15 verbose parsed url   auth: null,
15 verbose parsed url   host: null,
15 verbose parsed url   port: null,
15 verbose parsed url   hostname: null,
15 verbose parsed url   hash: null,
15 verbose parsed url   search: null,
15 verbose parsed url   query: null,
15 verbose parsed url   pathname: 'react',
15 verbose parsed url   path: 'react',
15 verbose parsed url   href: 'react' }
16 verbose cache add [ 'react-router', null ]
17 verbose cache add name=undefined spec="react-router" args=["react-router",null]
18 verbose parsed url { protocol: null,
18 verbose parsed url   slashes: null,
18 verbose parsed url   auth: null,
18 verbose parsed url   host: null,
18 verbose parsed url   port: null,
18 verbose parsed url   hostname: null,
18 verbose parsed url   hash: null,
18 verbose parsed url   search: null,
18 verbose parsed url   query: null,
18 verbose parsed url   pathname: 'react-router',
18 verbose parsed url   path: 'react-router',
18 verbose parsed url   href: 'react-router' }
19 verbose cache add [ 'reflux', null ]
20 verbose cache add name=undefined spec="reflux" args=["reflux",null]
21 verbose parsed url { protocol: null,
21 verbose parsed url   slashes: null,
21 verbose parsed url   auth: null,
21 verbose parsed url   host: null,
21 verbose parsed url   port: null,
21 verbose parsed url   hostname: null,
21 verbose parsed url   hash: null,
21 verbose parsed url   search: null,
21 verbose parsed url   query: null,
21 verbose parsed url   pathname: 'reflux',
21 verbose parsed url   path: 'reflux',
21 verbose parsed url   href: 'reflux' }
22 silly lockFile 8a049923-es5-shim es5-shim
23 verbose lock es5-shim /Users/ryanyogan/.npm/8a049923-es5-shim.lock
24 silly lockFile d92f14d5-lodsash lodsash
25 verbose lock lodsash /Users/ryanyogan/.npm/d92f14d5-lodsash.lock
26 silly lockFile 6b810c90-react react
27 verbose lock react /Users/ryanyogan/.npm/6b810c90-react.lock
28 silly lockFile 8307adf9-react-router react-router
29 verbose lock react-router /Users/ryanyogan/.npm/8307adf9-react-router.lock
30 silly lockFile 84694884-reflux reflux
31 verbose lock reflux /Users/ryanyogan/.npm/84694884-reflux.lock
32 silly lockFile 8a049923-es5-shim es5-shim
33 silly lockFile 8a049923-es5-shim es5-shim
34 silly lockFile d92f14d5-lodsash lodsash
35 silly lockFile d92f14d5-lodsash lodsash
36 verbose addNamed [ 'es5-shim', '' ]
37 verbose addNamed [ null, '*' ]
38 silly lockFile 25b35e2b-es5-shim es5-shim@
39 verbose lock es5-shim@ /Users/ryanyogan/.npm/25b35e2b-es5-shim.lock
40 silly lockFile 8307adf9-react-router react-router
41 silly lockFile 8307adf9-react-router react-router
42 verbose addNamed [ 'lodsash', '' ]
43 verbose addNamed [ null, '*' ]
44 silly lockFile 3b48b473-lodsash lodsash@
45 verbose lock lodsash@ /Users/ryanyogan/.npm/3b48b473-lodsash.lock
46 silly lockFile 6b810c90-react react
47 silly lockFile 6b810c90-react react
48 silly lockFile 84694884-reflux reflux
49 silly lockFile 84694884-reflux reflux
50 verbose addNamed [ 'react-router', '' ]
51 verbose addNamed [ null, '*' ]
52 silly lockFile 683905ff-react-router react-router@
53 verbose lock react-router@ /Users/ryanyogan/.npm/683905ff-react-router.lock
54 silly addNameRange { name: 'es5-shim', range: '*', hasData: false }
55 verbose addNamed [ 'react', '' ]
56 verbose addNamed [ null, '*' ]
57 silly lockFile 0baa5bb3-react react@
58 verbose lock react@ /Users/ryanyogan/.npm/0baa5bb3-react.lock
59 verbose addNamed [ 'reflux', '' ]
60 verbose addNamed [ null, '*' ]
61 silly lockFile 1a0ba0e2-reflux reflux@
62 verbose lock reflux@ /Users/ryanyogan/.npm/1a0ba0e2-reflux.lock
63 silly addNameRange { name: 'lodsash', range: '*', hasData: false }
64 silly addNameRange { name: 'react-router', range: '*', hasData: false }
65 verbose request where is /lodsash
66 verbose request registry https://registry.npmjs.org/
67 verbose request id 3c46f44c18895abc
68 verbose url raw /lodsash
69 verbose url resolving [ 'https://registry.npmjs.org/', './lodsash' ]
70 verbose url resolved https://registry.npmjs.org/lodsash
71 verbose request where is https://registry.npmjs.org/lodsash
72 info trying registry request attempt 1 at 16:28:21
73 http GET https://registry.npmjs.org/lodsash
74 silly addNameRange { name: 'react', range: '*', hasData: false }
75 silly addNameRange { name: 'reflux', range: '*', hasData: false }
76 verbose request where is /reflux
77 verbose request registry https://registry.npmjs.org/
78 verbose url raw /reflux
79 verbose url resolving [ 'https://registry.npmjs.org/', './reflux' ]
80 verbose url resolved https://registry.npmjs.org/reflux
81 verbose request where is https://registry.npmjs.org/reflux
82 info trying registry request attempt 1 at 16:28:21
83 http GET https://registry.npmjs.org/reflux
84 verbose request where is /es5-shim
85 verbose request registry https://registry.npmjs.org/
86 verbose url raw /es5-shim
87 verbose url resolving [ 'https://registry.npmjs.org/', './es5-shim' ]
88 verbose url resolved https://registry.npmjs.org/es5-shim
89 verbose request where is https://registry.npmjs.org/es5-shim
90 info trying registry request attempt 1 at 16:28:21
91 verbose etag "57JPRJGPR6D98IB45TI11YHS4"
92 http GET https://registry.npmjs.org/es5-shim
93 verbose request where is /react-router
94 verbose request registry https://registry.npmjs.org/
95 verbose url raw /react-router
96 verbose url resolving [ 'https://registry.npmjs.org/', './react-router' ]
97 verbose url resolved https://registry.npmjs.org/react-router
98 verbose request where is https://registry.npmjs.org/react-router
99 info trying registry request attempt 1 at 16:28:21
100 verbose etag "7GCSLXDHDI4PKRYYSRR381MI2"
101 http GET https://registry.npmjs.org/react-router
102 verbose request where is /react
103 verbose request registry https://registry.npmjs.org/
104 verbose url raw /react
105 verbose url resolving [ 'https://registry.npmjs.org/', './react' ]
106 verbose url resolved https://registry.npmjs.org/react
107 verbose request where is https://registry.npmjs.org/react
108 info trying registry request attempt 1 at 16:28:21
109 verbose etag "9PKR9OV6CHJPWCDF39QULAG94"
110 http GET https://registry.npmjs.org/react
111 http 404 https://registry.npmjs.org/lodsash
112 verbose headers { date: 'Sat, 28 Feb 2015 22:28:21 GMT',
112 verbose headers   server: 'CouchDB/1.5.0 (Erlang OTP/R16B03)',
112 verbose headers   'content-type': 'application/json',
112 verbose headers   'cache-control': 'max-age=0',
112 verbose headers   'content-length': '52',
112 verbose headers   'accept-ranges': 'bytes',
112 verbose headers   via: '1.1 varnish',
112 verbose headers   age: '0',
112 verbose headers   'x-served-by': 'cache-dfw1822-DFW',
112 verbose headers   'x-cache': 'MISS',
112 verbose headers   'x-cache-hits': '0',
112 verbose headers   'x-timer': 'S1425162501.236196,VS0,VE257',
112 verbose headers   'keep-alive': 'timeout=10, max=50',
112 verbose headers   connection: 'Keep-Alive' }
113 silly registry.get cb [ 404,
113 silly registry.get   { date: 'Sat, 28 Feb 2015 22:28:21 GMT',
113 silly registry.get     server: 'CouchDB/1.5.0 (Erlang OTP/R16B03)',
113 silly registry.get     'content-type': 'application/json',
113 silly registry.get     'cache-control': 'max-age=0',
113 silly registry.get     'content-length': '52',
113 silly registry.get     'accept-ranges': 'bytes',
113 silly registry.get     via: '1.1 varnish',
113 silly registry.get     age: '0',
113 silly registry.get     'x-served-by': 'cache-dfw1822-DFW',
113 silly registry.get     'x-cache': 'MISS',
113 silly registry.get     'x-cache-hits': '0',
113 silly registry.get     'x-timer': 'S1425162501.236196,VS0,VE257',
113 silly registry.get     'keep-alive': 'timeout=10, max=50',
113 silly registry.get     connection: 'Keep-Alive' } ]
114 silly lockFile 3b48b473-lodsash lodsash@
115 silly lockFile 3b48b473-lodsash lodsash@
116 http 200 https://registry.npmjs.org/react
117 silly registry.get cb [ 200,
117 silly registry.get   { date: 'Sat, 28 Feb 2015 22:28:21 GMT',
117 silly registry.get     server: 'CouchDB/1.6.1 (Erlang OTP/R14B04)',
117 silly registry.get     etag: '"CVUTHIY5G9UOXXFE94GJOJZYI"',
117 silly registry.get     'content-type': 'application/json',
117 silly registry.get     'cache-control': 'max-age=60',
117 silly registry.get     'content-length': '52260',
117 silly registry.get     'accept-ranges': 'bytes',
117 silly registry.get     via: '1.1 varnish',
117 silly registry.get     age: '0',
117 silly registry.get     'x-served-by': 'cache-dfw1835-DFW',
117 silly registry.get     'x-cache': 'HIT',
117 silly registry.get     'x-cache-hits': '1',
117 silly registry.get     'x-timer': 'S1425162501.235384,VS0,VE180',
117 silly registry.get     vary: 'Accept',
117 silly registry.get     'keep-alive': 'timeout=10, max=50',
117 silly registry.get     connection: 'Keep-Alive' } ]
118 silly addNameRange number 2 { name: 'react', range: '*', hasData: true }
119 silly addNameRange versions [ 'react',
119 silly addNameRange   [ '0.0.1',
119 silly addNameRange     '0.0.2',
119 silly addNameRange     '0.0.3',
119 silly addNameRange     '0.1.2',
119 silly addNameRange     '0.2.0',
119 silly addNameRange     '0.2.1',
119 silly addNameRange     '0.2.2',
119 silly addNameRange     '0.2.3',
119 silly addNameRange     '0.2.4',
119 silly addNameRange     '0.2.5',
119 silly addNameRange     '0.2.6',
119 silly addNameRange     '0.3.0',
119 silly addNameRange     '0.3.4',
119 silly addNameRange     '0.3.5',
119 silly addNameRange     '0.5.0',
119 silly addNameRange     '0.5.1',
119 silly addNameRange     '0.5.2',
119 silly addNameRange     '0.6.0',
119 silly addNameRange     '0.6.1',
119 silly addNameRange     '0.6.2',
119 silly addNameRange     '0.6.3',
119 silly addNameRange     '0.7.0',
119 silly addNameRange     '0.7.1',
119 silly addNameRange     '0.8.0',
119 silly addNameRange     '0.9.0-rc1',
119 silly addNameRange     '0.9.0',
119 silly addNameRange     '0.10.0-rc1',
119 silly addNameRange     '0.10.0',
119 silly addNameRange     '0.11.0-rc1',
119 silly addNameRange     '0.11.0',
119 silly addNameRange     '0.11.1',
119 silly addNameRange     '0.11.2',
119 silly addNameRange     '0.12.0-rc1',
119 silly addNameRange     '0.12.0',
119 silly addNameRange     '0.12.1',
119 silly addNameRange     '0.12.2',
119 silly addNameRange     '0.13.0-alpha.1',
119 silly addNameRange     '0.13.0-alpha.2',
119 silly addNameRange     '0.13.0-beta.1',
119 silly addNameRange     '0.13.0-beta.2',
119 silly addNameRange     '0.13.0-rc1' ] ]
120 verbose addNamed [ 'react', '0.12.2' ]
121 verbose addNamed [ '0.12.2', '0.12.2' ]
122 silly lockFile 1f2cec02-react-0-12-2 react@0.12.2
123 verbose lock react@0.12.2 /Users/ryanyogan/.npm/1f2cec02-react-0-12-2.lock
124 silly lockFile 1f2cec02-react-0-12-2 react@0.12.2
125 silly lockFile 1f2cec02-react-0-12-2 react@0.12.2
126 silly lockFile 0baa5bb3-react react@
127 silly lockFile 0baa5bb3-react react@
128 http 200 https://registry.npmjs.org/es5-shim
129 silly registry.get cb [ 200,
129 silly registry.get   { date: 'Sat, 28 Feb 2015 22:28:21 GMT',
129 silly registry.get     server: 'CouchDB/1.5.0 (Erlang OTP/R16B03)',
129 silly registry.get     etag: '"6SKXFWMCCLQNZLJUVD75XCUMD"',
129 silly registry.get     'content-type': 'application/json',
129 silly registry.get     'cache-control': 'max-age=60',
129 silly registry.get     'content-length': '86555',
129 silly registry.get     'accept-ranges': 'bytes',
129 silly registry.get     via: '1.1 varnish',
129 silly registry.get     age: '0',
129 silly registry.get     'x-served-by': 'cache-dfw1820-DFW',
129 silly registry.get     'x-cache': 'HIT',
129 silly registry.get     'x-cache-hits': '1',
129 silly registry.get     'x-timer': 'S1425162501.235051,VS0,VE183',
129 silly registry.get     vary: 'Accept',
129 silly registry.get     'keep-alive': 'timeout=10, max=50',
129 silly registry.get     connection: 'Keep-Alive' } ]
130 silly addNameRange number 2 { name: 'es5-shim', range: '*', hasData: true }
131 silly addNameRange versions [ 'es5-shim',
131 silly addNameRange   [ '0.0.0',
131 silly addNameRange     '0.0.1',
131 silly addNameRange     '0.0.2',
131 silly addNameRange     '0.0.3',
131 silly addNameRange     '0.0.4',
131 silly addNameRange     '1.0.0',
131 silly addNameRange     '1.2.2',
131 silly addNameRange     '1.2.3',
131 silly addNameRange     '1.2.4',
131 silly addNameRange     '1.2.6',
131 silly addNameRange     '1.2.7',
131 silly addNameRange     '1.2.8',
131 silly addNameRange     '1.2.9',
131 silly addNameRange     '1.2.10',
131 silly addNameRange     '2.0.0',
131 silly addNameRange     '2.0.1',
131 silly addNameRange     '2.0.2',
131 silly addNameRange     '2.0.3',
131 silly addNameRange     '2.0.4',
131 silly addNameRange     '2.0.5',
131 silly addNameRange     '2.0.7',
131 silly addNameRange     '2.0.8',
131 silly addNameRange     '2.0.9',
131 silly addNameRange     '2.0.10',
131 silly addNameRange     '2.0.11',
131 silly addNameRange     '2.0.12',
131 silly addNameRange     '2.1.0',
131 silly addNameRange     '2.2.0',
131 silly addNameRange     '2.3.0',
131 silly addNameRange     '3.0.1',
131 silly addNameRange     '3.0.2',
131 silly addNameRange     '3.1.0',
131 silly addNameRange     '3.1.1',
131 silly addNameRange     '3.2.0',
131 silly addNameRange     '3.3.0',
131 silly addNameRange     '3.3.1',
131 silly addNameRange     '3.3.2',
131 silly addNameRange     '3.4.0',
131 silly addNameRange     '4.0.0',
131 silly addNameRange     '4.0.1',
131 silly addNameRange     '4.0.4',
131 silly addNameRange     '4.0.5',
131 silly addNameRange     '4.0.6',
131 silly addNameRange     '4.1.0' ] ]
132 verbose addNamed [ 'es5-shim', '4.1.0' ]
133 verbose addNamed [ '4.1.0', '4.1.0' ]
134 silly lockFile cac3c815-es5-shim-4-1-0 es5-shim@4.1.0
135 verbose lock es5-shim@4.1.0 /Users/ryanyogan/.npm/cac3c815-es5-shim-4-1-0.lock
136 silly lockFile 0d30f3b2--org-es5-shim-es5-shim-4-1-0-tgz https://registry.npmjs.org/es5-shim/-/es5-shim-4.1.0.tgz
137 verbose lock https://registry.npmjs.org/es5-shim/-/es5-shim-4.1.0.tgz /Users/ryanyogan/.npm/0d30f3b2--org-es5-shim-es5-shim-4-1-0-tgz.lock
138 verbose addRemoteTarball [ 'https://registry.npmjs.org/es5-shim/-/es5-shim-4.1.0.tgz',
138 verbose addRemoteTarball   '2eb26ac9e44c757e4dad8e796f63c772c84eb7a3' ]
139 http 200 https://registry.npmjs.org/react-router
140 silly registry.get cb [ 200,
140 silly registry.get   { date: 'Sat, 28 Feb 2015 22:28:21 GMT',
140 silly registry.get     server: 'CouchDB/1.5.0 (Erlang OTP/R16B03)',
140 silly registry.get     etag: '"76E2MICX6APK1W50R7WKR8D2U"',
140 silly registry.get     'content-type': 'application/json',
140 silly registry.get     'cache-control': 'max-age=60',
140 silly registry.get     'content-length': '60800',
140 silly registry.get     'accept-ranges': 'bytes',
140 silly registry.get     via: '1.1 varnish',
140 silly registry.get     age: '0',
140 silly registry.get     'x-served-by': 'cache-dfw1825-DFW',
140 silly registry.get     'x-cache': 'HIT',
140 silly registry.get     'x-cache-hits': '1',
140 silly registry.get     'x-timer': 'S1425162501.235047,VS0,VE255',
140 silly registry.get     vary: 'Accept',
140 silly registry.get     'keep-alive': 'timeout=10, max=50',
140 silly registry.get     connection: 'Keep-Alive' } ]
141 info retry fetch attempt 1 at 16:28:21
142 verbose fetch to= /tmp/npm-50291-GCLKI3Sg/registry.npmjs.org/es5-shim/-/es5-shim-4.1.0.tgz
143 http GET https://registry.npmjs.org/es5-shim/-/es5-shim-4.1.0.tgz
144 silly addNameRange number 2 { name: 'react-router', range: '*', hasData: true }
145 silly addNameRange versions [ 'react-router',
145 silly addNameRange   [ '0.0.0',
145 silly addNameRange     '0.0.1',
145 silly addNameRange     '0.4.0',
145 silly addNameRange     '0.4.1',
145 silly addNameRange     '0.4.2',
145 silly addNameRange     '0.5.0',
145 silly addNameRange     '0.5.1',
145 silly addNameRange     '0.5.2',
145 silly addNameRange     '0.5.3',
145 silly addNameRange     '0.6.0',
145 silly addNameRange     '0.6.1',
145 silly addNameRange     '0.7.0',
145 silly addNameRange     '0.8.0',
145 silly addNameRange     '0.9.0',
145 silly addNameRange     '0.9.1',
145 silly addNameRange     '0.9.2',
145 silly addNameRange     '0.9.3',
145 silly addNameRange     '0.9.4',
145 silly addNameRange     '0.9.5',
145 silly addNameRange     '0.10.0',
145 silly addNameRange     '0.10.1',
145 silly addNameRange     '0.10.2',
145 silly addNameRange     '0.11.0',
145 silly addNameRange     '0.11.1',
145 silly addNameRange     '0.11.2',
145 silly addNameRange     '0.11.3',
145 silly addNameRange     '0.11.4',
145 silly addNameRange     '0.11.5',
145 silly addNameRange     '0.11.6',
145 silly addNameRange     '0.12.0',
145 silly addNameRange     '0.12.1',
145 silly addNameRange     '0.12.2',
145 silly addNameRange     '0.12.3',
145 silly addNameRange     '0.12.4' ] ]
146 verbose addNamed [ 'react-router', '0.12.4' ]
147 verbose addNamed [ '0.12.4', '0.12.4' ]
148 silly lockFile ed6e4231-react-router-0-12-4 react-router@0.12.4
149 verbose lock react-router@0.12.4 /Users/ryanyogan/.npm/ed6e4231-react-router-0-12-4.lock
150 silly lockFile 6a9228f2-t-router-react-router-0-12-4-tgz https://registry.npmjs.org/react-router/-/react-router-0.12.4.tgz
151 verbose lock https://registry.npmjs.org/react-router/-/react-router-0.12.4.tgz /Users/ryanyogan/.npm/6a9228f2-t-router-react-router-0-12-4-tgz.lock
152 verbose addRemoteTarball [ 'https://registry.npmjs.org/react-router/-/react-router-0.12.4.tgz',
152 verbose addRemoteTarball   'e60798b789729970eea3981799fac4e86bd2fb16' ]
153 info retry fetch attempt 1 at 16:28:21
154 verbose fetch to= /tmp/npm-50291-GCLKI3Sg/registry.npmjs.org/react-router/-/react-router-0.12.4.tgz
155 http GET https://registry.npmjs.org/react-router/-/react-router-0.12.4.tgz
156 http 200 https://registry.npmjs.org/reflux
157 silly registry.get cb [ 200,
157 silly registry.get   { date: 'Sat, 28 Feb 2015 22:28:21 GMT',
157 silly registry.get     server: 'CouchDB/1.5.0 (Erlang OTP/R16B03)',
157 silly registry.get     etag: '"A693JRJNB8M82X3YDUP2SO9N2"',
157 silly registry.get     'content-type': 'application/json',
157 silly registry.get     'cache-control': 'max-age=60',
157 silly registry.get     'content-length': '67747',
157 silly registry.get     'accept-ranges': 'bytes',
157 silly registry.get     via: '1.1 varnish',
157 silly registry.get     age: '0',
157 silly registry.get     'x-served-by': 'cache-dfw1824-DFW',
157 silly registry.get     'x-cache': 'MISS',
157 silly registry.get     'x-cache-hits': '0',
157 silly registry.get     'x-timer': 'S1425162501.239379,VS0,VE259',
157 silly registry.get     vary: 'Accept',
157 silly registry.get     'keep-alive': 'timeout=10, max=50',
157 silly registry.get     connection: 'Keep-Alive' } ]
158 silly addNameRange number 2 { name: 'reflux', range: '*', hasData: true }
159 silly addNameRange versions [ 'reflux',
159 silly addNameRange   [ '0.0.1',
159 silly addNameRange     '0.0.2',
159 silly addNameRange     '0.0.3',
159 silly addNameRange     '0.0.4',
159 silly addNameRange     '0.1.0',
159 silly addNameRange     '0.1.1',
159 silly addNameRange     '0.1.2',
159 silly addNameRange     '0.1.3',
159 silly addNameRange     '0.1.4',
159 silly addNameRange     '0.1.5',
159 silly addNameRange     '0.1.6',
159 silly addNameRange     '0.1.7',
159 silly addNameRange     '0.1.8',
159 silly addNameRange     '0.1.9',
159 silly addNameRange     '0.1.10',
159 silly addNameRange     '0.1.11',
159 silly addNameRange     '0.1.12',
159 silly addNameRange     '0.1.13',
159 silly addNameRange     '0.1.14',
159 silly addNameRange     '0.1.15',
159 silly addNameRange     '0.2.0',
159 silly addNameRange     '0.2.1',
159 silly addNameRange     '0.2.2',
159 silly addNameRange     '0.2.3',
159 silly addNameRange     '0.2.4',
159 silly addNameRange     '0.2.5' ] ]
160 verbose addNamed [ 'reflux', '0.2.5' ]
161 verbose addNamed [ '0.2.5', '0.2.5' ]
162 silly lockFile ed93bc43-reflux-0-2-5 reflux@0.2.5
163 verbose lock reflux@0.2.5 /Users/ryanyogan/.npm/ed93bc43-reflux-0-2-5.lock
164 silly lockFile ca8b3813-pmjs-org-reflux-reflux-0-2-5-tgz https://registry.npmjs.org/reflux/-/reflux-0.2.5.tgz
165 verbose lock https://registry.npmjs.org/reflux/-/reflux-0.2.5.tgz /Users/ryanyogan/.npm/ca8b3813-pmjs-org-reflux-reflux-0-2-5-tgz.lock
166 verbose addRemoteTarball [ 'https://registry.npmjs.org/reflux/-/reflux-0.2.5.tgz',
166 verbose addRemoteTarball   '7e2ffcbc26717918ba7a35033f88688c212e530a' ]
167 info retry fetch attempt 1 at 16:28:21
168 verbose fetch to= /tmp/npm-50291-GCLKI3Sg/registry.npmjs.org/reflux/-/reflux-0.2.5.tgz
169 http GET https://registry.npmjs.org/reflux/-/reflux-0.2.5.tgz
170 http 200 https://registry.npmjs.org/es5-shim/-/es5-shim-4.1.0.tgz
171 http 200 https://registry.npmjs.org/react-router/-/react-router-0.12.4.tgz
172 http 200 https://registry.npmjs.org/reflux/-/reflux-0.2.5.tgz
173 silly lockFile 6a9228f2-t-router-react-router-0-12-4-tgz https://registry.npmjs.org/react-router/-/react-router-0.12.4.tgz
174 silly lockFile 6a9228f2-t-router-react-router-0-12-4-tgz https://registry.npmjs.org/react-router/-/react-router-0.12.4.tgz
175 silly lockFile ed6e4231-react-router-0-12-4 react-router@0.12.4
176 silly lockFile ed6e4231-react-router-0-12-4 react-router@0.12.4
177 silly lockFile 683905ff-react-router react-router@
178 silly lockFile 683905ff-react-router react-router@
179 silly lockFile ca8b3813-pmjs-org-reflux-reflux-0-2-5-tgz https://registry.npmjs.org/reflux/-/reflux-0.2.5.tgz
180 silly lockFile ca8b3813-pmjs-org-reflux-reflux-0-2-5-tgz https://registry.npmjs.org/reflux/-/reflux-0.2.5.tgz
181 silly lockFile ed93bc43-reflux-0-2-5 reflux@0.2.5
182 silly lockFile ed93bc43-reflux-0-2-5 reflux@0.2.5
183 silly lockFile 1a0ba0e2-reflux reflux@
184 silly lockFile 1a0ba0e2-reflux reflux@
185 silly lockFile 0d30f3b2--org-es5-shim-es5-shim-4-1-0-tgz https://registry.npmjs.org/es5-shim/-/es5-shim-4.1.0.tgz
186 silly lockFile 0d30f3b2--org-es5-shim-es5-shim-4-1-0-tgz https://registry.npmjs.org/es5-shim/-/es5-shim-4.1.0.tgz
187 silly lockFile cac3c815-es5-shim-4-1-0 es5-shim@4.1.0
188 silly lockFile cac3c815-es5-shim-4-1-0 es5-shim@4.1.0
189 silly lockFile 25b35e2b-es5-shim es5-shim@
190 silly lockFile 25b35e2b-es5-shim es5-shim@
191 error 404 404 Not Found: lodsash
191 error 404
191 error 404 'lodsash' is not in the npm registry.
191 error 404 You should bug the author to publish it
191 error 404 It was specified as a dependency of 'room-and-board'
191 error 404
191 error 404 Note that you can also install from a
191 error 404 tarball, folder, or http url, or git url.
192 error System Darwin 14.1.0
193 error command "node" "/usr/local/bin/npm" "install" "es5-shim" "lodsash" "react" "react-router" "reflux" "--save"
194 error cwd /Users/ryanyogan/projects/room-and-board
195 error node -v v0.10.35
196 error npm -v 1.4.28
197 error code E404
198 verbose exit [ 1, true ]
